2014/04/27 07:38:38 [error] [exception.CDbException] exception 'CDbException' with message 'CDbConnection failed to open the DB connection: SQLSTATE[HY000] [1045] Access denied for user 'root'@'localhost' (using password: YES)' in /works/fwork/avene_sun/api/framework/db/CDbConnection.php:382
Stack trace:
#0 /works/fwork/avene_sun/api/framework/db/CDbConnection.php(330): CDbConnection->open()
#1 /works/fwork/avene_sun/api/framework/db/CDbConnection.php(308): CDbConnection->setActive(true)
#2 /works/fwork/avene_sun/api/framework/base/CModule.php(387): CDbConnection->init()
#3 /works/fwork/avene_sun/api/framework/base/CApplication.php(450): CModule->getComponent('db')
#4 /works/fwork/avene_sun/api/framework/db/ar/CActiveRecord.php(634): CApplication->getDb()
#5 /works/fwork/avene_sun/api/framework/db/ar/CActiveRecord.php(2361): CActiveRecord->getDbConnection()
#6 /works/fwork/avene_sun/api/framework/db/ar/CActiveRecord.php(411): CActiveRecordMetaData->__construct(Object(Photo))
#7 /works/fwork/avene_sun/api/framework/db/ar/CActiveRecord.php(79): CActiveRecord->getMetaData()
#8 /works/fwork/avene_sun/api/protected/controllers/PhotoController.php(73): CActiveRecord->__construct()
#9 /works/fwork/avene_sun/api/framework/web/actions/CInlineAction.php(49): PhotoController->actionList()
#10 /works/fwork/avene_sun/api/framework/web/CController.php(308): CInlineAction->runWithParams(Array)
#11 /works/fwork/avene_sun/api/framework/web/filters/CFilterChain.php(133): CController->runAction(Object(CInlineAction))
#12 /works/fwork/avene_sun/api/framework/web/filters/CFilter.php(40): CFilterChain->run()
#13 /works/fwork/avene_sun/api/framework/web/CController.php(1145): CFilter->filter(Object(CFilterChain))
#14 /works/fwork/avene_sun/api/framework/web/filters/CInlineFilter.php(58): CController->filterAccessControl(Object(CFilterChain))
#15 /works/fwork/avene_sun/api/framework/web/filters/CFilterChain.php(130): CInlineFilter->filter(Object(CFilterChain))
#16 /works/fwork/avene_sun/api/framework/web/CController.php(291): CFilterChain->run()
#17 /works/fwork/avene_sun/api/framework/web/CController.php(265): CController->runActionWithFilters(Object(CInlineAction), Array)
#18 /works/fwork/avene_sun/api/framework/web/CWebApplication.php(282): CController->run('list')
#19 /works/fwork/avene_sun/api/framework/web/CWebApplication.php(141): CWebApplication->runController('photo/list')
#20 /works/fwork/avene_sun/api/framework/base/CApplication.php(180): CWebApplication->processRequest()
#21 /works/fwork/avene_sun/api/index.php(20): CApplication->run()
#22 {main}
REQUEST_URI=/fwork/avene_sun/api/photo/list?page=1&pagenum=12&_=1398584244134
---
2014/04/27 07:38:39 [error] [exception.CDbException] exception 'CDbException' with message 'CDbConnection failed to open the DB connection: SQLSTATE[HY000] [1045] Access denied for user 'root'@'localhost' (using password: YES)' in /works/fwork/avene_sun/api/framework/db/CDbConnection.php:382
Stack trace:
#0 /works/fwork/avene_sun/api/framework/db/CDbConnection.php(330): CDbConnection->open()
#1 /works/fwork/avene_sun/api/framework/db/CDbConnection.php(308): CDbConnection->setActive(true)
#2 /works/fwork/avene_sun/api/framework/base/CModule.php(387): CDbConnection->init()
#3 /works/fwork/avene_sun/api/framework/base/CApplication.php(450): CModule->getComponent('db')
#4 /works/fwork/avene_sun/api/framework/db/ar/CActiveRecord.php(634): CApplication->getDb()
#5 /works/fwork/avene_sun/api/framework/db/ar/CActiveRecord.php(2361): CActiveRecord->getDbConnection()
#6 /works/fwork/avene_sun/api/framework/db/ar/CActiveRecord.php(411): CActiveRecordMetaData->__construct(Object(Photo))
#7 /works/fwork/avene_sun/api/framework/db/ar/CActiveRecord.php(79): CActiveRecord->getMetaData()
#8 /works/fwork/avene_sun/api/protected/controllers/PhotoController.php(73): CActiveRecord->__construct()
#9 /works/fwork/avene_sun/api/framework/web/actions/CInlineAction.php(49): PhotoController->actionList()
#10 /works/fwork/avene_sun/api/framework/web/CController.php(308): CInlineAction->runWithParams(Array)
#11 /works/fwork/avene_sun/api/framework/web/filters/CFilterChain.php(133): CController->runAction(Object(CInlineAction))
#12 /works/fwork/avene_sun/api/framework/web/filters/CFilter.php(40): CFilterChain->run()
#13 /works/fwork/avene_sun/api/framework/web/CController.php(1145): CFilter->filter(Object(CFilterChain))
#14 /works/fwork/avene_sun/api/framework/web/filters/CInlineFilter.php(58): CController->filterAccessControl(Object(CFilterChain))
#15 /works/fwork/avene_sun/api/framework/web/filters/CFilterChain.php(130): CInlineFilter->filter(Object(CFilterChain))
#16 /works/fwork/avene_sun/api/framework/web/CController.php(291): CFilterChain->run()
#17 /works/fwork/avene_sun/api/framework/web/CController.php(265): CController->runActionWithFilters(Object(CInlineAction), Array)
#18 /works/fwork/avene_sun/api/framework/web/CWebApplication.php(282): CController->run('list')
#19 /works/fwork/avene_sun/api/framework/web/CWebApplication.php(141): CWebApplication->runController('photo/list')
#20 /works/fwork/avene_sun/api/framework/base/CApplication.php(180): CWebApplication->processRequest()
#21 /works/fwork/avene_sun/api/index.php(20): CApplication->run()
#22 {main}
REQUEST_URI=/fwork/avene_sun/api/photo/list?page=1&pagenum=12&_=1398584244134
---
2014/04/27 07:38:40 [error] [exception.CDbException] exception 'CDbException' with message 'CDbConnection failed to open the DB connection: SQLSTATE[HY000] [1045] Access denied for user 'root'@'localhost' (using password: YES)' in /works/fwork/avene_sun/api/framework/db/CDbConnection.php:382
Stack trace:
#0 /works/fwork/avene_sun/api/framework/db/CDbConnection.php(330): CDbConnection->open()
#1 /works/fwork/avene_sun/api/framework/db/CDbConnection.php(308): CDbConnection->setActive(true)
#2 /works/fwork/avene_sun/api/framework/base/CModule.php(387): CDbConnection->init()
#3 /works/fwork/avene_sun/api/framework/base/CApplication.php(450): CModule->getComponent('db')
#4 /works/fwork/avene_sun/api/framework/db/ar/CActiveRecord.php(634): CApplication->getDb()
#5 /works/fwork/avene_sun/api/framework/db/ar/CActiveRecord.php(2361): CActiveRecord->getDbConnection()
#6 /works/fwork/avene_sun/api/framework/db/ar/CActiveRecord.php(411): CActiveRecordMetaData->__construct(Object(Photo))
#7 /works/fwork/avene_sun/api/framework/db/ar/CActiveRecord.php(79): CActiveRecord->getMetaData()
#8 /works/fwork/avene_sun/api/protected/controllers/PhotoController.php(73): CActiveRecord->__construct()
#9 /works/fwork/avene_sun/api/framework/web/actions/CInlineAction.php(49): PhotoController->actionList()
#10 /works/fwork/avene_sun/api/framework/web/CController.php(308): CInlineAction->runWithParams(Array)
#11 /works/fwork/avene_sun/api/framework/web/filters/CFilterChain.php(133): CController->runAction(Object(CInlineAction))
#12 /works/fwork/avene_sun/api/framework/web/filters/CFilter.php(40): CFilterChain->run()
#13 /works/fwork/avene_sun/api/framework/web/CController.php(1145): CFilter->filter(Object(CFilterChain))
#14 /works/fwork/avene_sun/api/framework/web/filters/CInlineFilter.php(58): CController->filterAccessControl(Object(CFilterChain))
#15 /works/fwork/avene_sun/api/framework/web/filters/CFilterChain.php(130): CInlineFilter->filter(Object(CFilterChain))
#16 /works/fwork/avene_sun/api/framework/web/CController.php(291): CFilterChain->run()
#17 /works/fwork/avene_sun/api/framework/web/CController.php(265): CController->runActionWithFilters(Object(CInlineAction), Array)
#18 /works/fwork/avene_sun/api/framework/web/CWebApplication.php(282): CController->run('list')
#19 /works/fwork/avene_sun/api/framework/web/CWebApplication.php(141): CWebApplication->runController('photo/list')
#20 /works/fwork/avene_sun/api/framework/base/CApplication.php(180): CWebApplication->processRequest()
#21 /works/fwork/avene_sun/api/index.php(20): CApplication->run()
#22 {main}
REQUEST_URI=/fwork/avene_sun/api/photo/list?page=1&pagenum=12&_=1398584244134
---
2014/04/27 07:38:40 [error] [exception.CDbException] exception 'CDbException' with message 'CDbConnection failed to open the DB connection: SQLSTATE[HY000] [1045] Access denied for user 'root'@'localhost' (using password: YES)' in /works/fwork/avene_sun/api/framework/db/CDbConnection.php:382
Stack trace:
#0 /works/fwork/avene_sun/api/framework/db/CDbConnection.php(330): CDbConnection->open()
#1 /works/fwork/avene_sun/api/framework/db/CDbConnection.php(308): CDbConnection->setActive(true)
#2 /works/fwork/avene_sun/api/framework/base/CModule.php(387): CDbConnection->init()
#3 /works/fwork/avene_sun/api/framework/base/CApplication.php(450): CModule->getComponent('db')
#4 /works/fwork/avene_sun/api/framework/db/ar/CActiveRecord.php(634): CApplication->getDb()
#5 /works/fwork/avene_sun/api/framework/db/ar/CActiveRecord.php(2361): CActiveRecord->getDbConnection()
#6 /works/fwork/avene_sun/api/framework/db/ar/CActiveRecord.php(411): CActiveRecordMetaData->__construct(Object(Photo))
#7 /works/fwork/avene_sun/api/framework/db/ar/CActiveRecord.php(79): CActiveRecord->getMetaData()
#8 /works/fwork/avene_sun/api/protected/controllers/PhotoController.php(73): CActiveRecord->__construct()
#9 /works/fwork/avene_sun/api/framework/web/actions/CInlineAction.php(49): PhotoController->actionList()
#10 /works/fwork/avene_sun/api/framework/web/CController.php(308): CInlineAction->runWithParams(Array)
#11 /works/fwork/avene_sun/api/framework/web/filters/CFilterChain.php(133): CController->runAction(Object(CInlineAction))
#12 /works/fwork/avene_sun/api/framework/web/filters/CFilter.php(40): CFilterChain->run()
#13 /works/fwork/avene_sun/api/framework/web/CController.php(1145): CFilter->filter(Object(CFilterChain))
#14 /works/fwork/avene_sun/api/framework/web/filters/CInlineFilter.php(58): CController->filterAccessControl(Object(CFilterChain))
#15 /works/fwork/avene_sun/api/framework/web/filters/CFilterChain.php(130): CInlineFilter->filter(Object(CFilterChain))
#16 /works/fwork/avene_sun/api/framework/web/CController.php(291): CFilterChain->run()
#17 /works/fwork/avene_sun/api/framework/web/CController.php(265): CController->runActionWithFilters(Object(CInlineAction), Array)
#18 /works/fwork/avene_sun/api/framework/web/CWebApplication.php(282): CController->run('list')
#19 /works/fwork/avene_sun/api/framework/web/CWebApplication.php(141): CWebApplication->runController('photo/list')
#20 /works/fwork/avene_sun/api/framework/base/CApplication.php(180): CWebApplication->processRequest()
#21 /works/fwork/avene_sun/api/index.php(20): CApplication->run()
#22 {main}
REQUEST_URI=/fwork/avene_sun/api/photo/list?page=1&pagenum=12&_=1398584244134
---
2014/04/27 07:38:40 [error] [exception.CDbException] exception 'CDbException' with message 'CDbConnection failed to open the DB connection: SQLSTATE[HY000] [1045] Access denied for user 'root'@'localhost' (using password: YES)' in /works/fwork/avene_sun/api/framework/db/CDbConnection.php:382
Stack trace:
#0 /works/fwork/avene_sun/api/framework/db/CDbConnection.php(330): CDbConnection->open()
#1 /works/fwork/avene_sun/api/framework/db/CDbConnection.php(308): CDbConnection->setActive(true)
#2 /works/fwork/avene_sun/api/framework/base/CModule.php(387): CDbConnection->init()
#3 /works/fwork/avene_sun/api/framework/base/CApplication.php(450): CModule->getComponent('db')
#4 /works/fwork/avene_sun/api/framework/db/ar/CActiveRecord.php(634): CApplication->getDb()
#5 /works/fwork/avene_sun/api/framework/db/ar/CActiveRecord.php(2361): CActiveRecord->getDbConnection()
#6 /works/fwork/avene_sun/api/framework/db/ar/CActiveRecord.php(411): CActiveRecordMetaData->__construct(Object(Photo))
#7 /works/fwork/avene_sun/api/framework/db/ar/CActiveRecord.php(79): CActiveRecord->getMetaData()
#8 /works/fwork/avene_sun/api/protected/controllers/PhotoController.php(73): CActiveRecord->__construct()
#9 /works/fwork/avene_sun/api/framework/web/actions/CInlineAction.php(49): PhotoController->actionList()
#10 /works/fwork/avene_sun/api/framework/web/CController.php(308): CInlineAction->runWithParams(Array)
#11 /works/fwork/avene_sun/api/framework/web/filters/CFilterChain.php(133): CController->runAction(Object(CInlineAction))
#12 /works/fwork/avene_sun/api/framework/web/filters/CFilter.php(40): CFilterChain->run()
#13 /works/fwork/avene_sun/api/framework/web/CController.php(1145): CFilter->filter(Object(CFilterChain))
#14 /works/fwork/avene_sun/api/framework/web/filters/CInlineFilter.php(58): CController->filterAccessControl(Object(CFilterChain))
#15 /works/fwork/avene_sun/api/framework/web/filters/CFilterChain.php(130): CInlineFilter->filter(Object(CFilterChain))
#16 /works/fwork/avene_sun/api/framework/web/CController.php(291): CFilterChain->run()
#17 /works/fwork/avene_sun/api/framework/web/CController.php(265): CController->runActionWithFilters(Object(CInlineAction), Array)
#18 /works/fwork/avene_sun/api/framework/web/CWebApplication.php(282): CController->run('list')
#19 /works/fwork/avene_sun/api/framework/web/CWebApplication.php(141): CWebApplication->runController('photo/list')
#20 /works/fwork/avene_sun/api/framework/base/CApplication.php(180): CWebApplication->processRequest()
#21 /works/fwork/avene_sun/api/index.php(20): CApplication->run()
#22 {main}
REQUEST_URI=/fwork/avene_sun/api/photo/list?page=1&pagenum=12&_=1398584244134
---
2014/04/27 07:38:40 [error] [exception.CDbException] exception 'CDbException' with message 'CDbConnection failed to open the DB connection: SQLSTATE[HY000] [1045] Access denied for user 'root'@'localhost' (using password: YES)' in /works/fwork/avene_sun/api/framework/db/CDbConnection.php:382
Stack trace:
#0 /works/fwork/avene_sun/api/framework/db/CDbConnection.php(330): CDbConnection->open()
#1 /works/fwork/avene_sun/api/framework/db/CDbConnection.php(308): CDbConnection->setActive(true)
#2 /works/fwork/avene_sun/api/framework/base/CModule.php(387): CDbConnection->init()
#3 /works/fwork/avene_sun/api/framework/base/CApplication.php(450): CModule->getComponent('db')
#4 /works/fwork/avene_sun/api/framework/db/ar/CActiveRecord.php(634): CApplication->getDb()
#5 /works/fwork/avene_sun/api/framework/db/ar/CActiveRecord.php(2361): CActiveRecord->getDbConnection()
#6 /works/fwork/avene_sun/api/framework/db/ar/CActiveRecord.php(411): CActiveRecordMetaData->__construct(Object(Photo))
#7 /works/fwork/avene_sun/api/framework/db/ar/CActiveRecord.php(79): CActiveRecord->getMetaData()
#8 /works/fwork/avene_sun/api/protected/controllers/PhotoController.php(73): CActiveRecord->__construct()
#9 /works/fwork/avene_sun/api/framework/web/actions/CInlineAction.php(49): PhotoController->actionList()
#10 /works/fwork/avene_sun/api/framework/web/CController.php(308): CInlineAction->runWithParams(Array)
#11 /works/fwork/avene_sun/api/framework/web/filters/CFilterChain.php(133): CController->runAction(Object(CInlineAction))
#12 /works/fwork/avene_sun/api/framework/web/filters/CFilter.php(40): CFilterChain->run()
#13 /works/fwork/avene_sun/api/framework/web/CController.php(1145): CFilter->filter(Object(CFilterChain))
#14 /works/fwork/avene_sun/api/framework/web/filters/CInlineFilter.php(58): CController->filterAccessControl(Object(CFilterChain))
#15 /works/fwork/avene_sun/api/framework/web/filters/CFilterChain.php(130): CInlineFilter->filter(Object(CFilterChain))
#16 /works/fwork/avene_sun/api/framework/web/CController.php(291): CFilterChain->run()
#17 /works/fwork/avene_sun/api/framework/web/CController.php(265): CController->runActionWithFilters(Object(CInlineAction), Array)
#18 /works/fwork/avene_sun/api/framework/web/CWebApplication.php(282): CController->run('list')
#19 /works/fwork/avene_sun/api/framework/web/CWebApplication.php(141): CWebApplication->runController('photo/list')
#20 /works/fwork/avene_sun/api/framework/base/CApplication.php(180): CWebApplication->processRequest()
#21 /works/fwork/avene_sun/api/index.php(20): CApplication->run()
#22 {main}
REQUEST_URI=/fwork/avene_sun/api/photo/list?page=1&pagenum=12&_=1398584244134
---
2014/04/27 07:38:40 [error] [exception.CDbException] exception 'CDbException' with message 'CDbConnection failed to open the DB connection: SQLSTATE[HY000] [1045] Access denied for user 'root'@'localhost' (using password: YES)' in /works/fwork/avene_sun/api/framework/db/CDbConnection.php:382
Stack trace:
#0 /works/fwork/avene_sun/api/framework/db/CDbConnection.php(330): CDbConnection->open()
#1 /works/fwork/avene_sun/api/framework/db/CDbConnection.php(308): CDbConnection->setActive(true)
#2 /works/fwork/avene_sun/api/framework/base/CModule.php(387): CDbConnection->init()
#3 /works/fwork/avene_sun/api/framework/base/CApplication.php(450): CModule->getComponent('db')
#4 /works/fwork/avene_sun/api/framework/db/ar/CActiveRecord.php(634): CApplication->getDb()
#5 /works/fwork/avene_sun/api/framework/db/ar/CActiveRecord.php(2361): CActiveRecord->getDbConnection()
#6 /works/fwork/avene_sun/api/framework/db/ar/CActiveRecord.php(411): CActiveRecordMetaData->__construct(Object(Photo))
#7 /works/fwork/avene_sun/api/framework/db/ar/CActiveRecord.php(79): CActiveRecord->getMetaData()
#8 /works/fwork/avene_sun/api/protected/controllers/PhotoController.php(73): CActiveRecord->__construct()
#9 /works/fwork/avene_sun/api/framework/web/actions/CInlineAction.php(49): PhotoController->actionList()
#10 /works/fwork/avene_sun/api/framework/web/CController.php(308): CInlineAction->runWithParams(Array)
#11 /works/fwork/avene_sun/api/framework/web/filters/CFilterChain.php(133): CController->runAction(Object(CInlineAction))
#12 /works/fwork/avene_sun/api/framework/web/filters/CFilter.php(40): CFilterChain->run()
#13 /works/fwork/avene_sun/api/framework/web/CController.php(1145): CFilter->filter(Object(CFilterChain))
#14 /works/fwork/avene_sun/api/framework/web/filters/CInlineFilter.php(58): CController->filterAccessControl(Object(CFilterChain))
#15 /works/fwork/avene_sun/api/framework/web/filters/CFilterChain.php(130): CInlineFilter->filter(Object(CFilterChain))
#16 /works/fwork/avene_sun/api/framework/web/CController.php(291): CFilterChain->run()
#17 /works/fwork/avene_sun/api/framework/web/CController.php(265): CController->runActionWithFilters(Object(CInlineAction), Array)
#18 /works/fwork/avene_sun/api/framework/web/CWebApplication.php(282): CController->run('list')
#19 /works/fwork/avene_sun/api/framework/web/CWebApplication.php(141): CWebApplication->runController('photo/list')
#20 /works/fwork/avene_sun/api/framework/base/CApplication.php(180): CWebApplication->processRequest()
#21 /works/fwork/avene_sun/api/index.php(20): CApplication->run()
#22 {main}
REQUEST_URI=/fwork/avene_sun/api/photo/list?page=1&pagenum=12&_=1398584244134
---
2014/04/27 07:38:41 [error] [exception.CDbException] exception 'CDbException' with message 'CDbConnection failed to open the DB connection: SQLSTATE[HY000] [1045] Access denied for user 'root'@'localhost' (using password: YES)' in /works/fwork/avene_sun/api/framework/db/CDbConnection.php:382
Stack trace:
#0 /works/fwork/avene_sun/api/framework/db/CDbConnection.php(330): CDbConnection->open()
#1 /works/fwork/avene_sun/api/framework/db/CDbConnection.php(308): CDbConnection->setActive(true)
#2 /works/fwork/avene_sun/api/framework/base/CModule.php(387): CDbConnection->init()
#3 /works/fwork/avene_sun/api/framework/base/CApplication.php(450): CModule->getComponent('db')
#4 /works/fwork/avene_sun/api/framework/db/ar/CActiveRecord.php(634): CApplication->getDb()
#5 /works/fwork/avene_sun/api/framework/db/ar/CActiveRecord.php(2361): CActiveRecord->getDbConnection()
#6 /works/fwork/avene_sun/api/framework/db/ar/CActiveRecord.php(411): CActiveRecordMetaData->__construct(Object(Photo))
#7 /works/fwork/avene_sun/api/framework/db/ar/CActiveRecord.php(79): CActiveRecord->getMetaData()
#8 /works/fwork/avene_sun/api/protected/controllers/PhotoController.php(73): CActiveRecord->__construct()
#9 /works/fwork/avene_sun/api/framework/web/actions/CInlineAction.php(49): PhotoController->actionList()
#10 /works/fwork/avene_sun/api/framework/web/CController.php(308): CInlineAction->runWithParams(Array)
#11 /works/fwork/avene_sun/api/framework/web/filters/CFilterChain.php(133): CController->runAction(Object(CInlineAction))
#12 /works/fwork/avene_sun/api/framework/web/filters/CFilter.php(40): CFilterChain->run()
#13 /works/fwork/avene_sun/api/framework/web/CController.php(1145): CFilter->filter(Object(CFilterChain))
#14 /works/fwork/avene_sun/api/framework/web/filters/CInlineFilter.php(58): CController->filterAccessControl(Object(CFilterChain))
#15 /works/fwork/avene_sun/api/framework/web/filters/CFilterChain.php(130): CInlineFilter->filter(Object(CFilterChain))
#16 /works/fwork/avene_sun/api/framework/web/CController.php(291): CFilterChain->run()
#17 /works/fwork/avene_sun/api/framework/web/CController.php(265): CController->runActionWithFilters(Object(CInlineAction), Array)
#18 /works/fwork/avene_sun/api/framework/web/CWebApplication.php(282): CController->run('list')
#19 /works/fwork/avene_sun/api/framework/web/CWebApplication.php(141): CWebApplication->runController('photo/list')
#20 /works/fwork/avene_sun/api/framework/base/CApplication.php(180): CWebApplication->processRequest()
#21 /works/fwork/avene_sun/api/index.php(20): CApplication->run()
#22 {main}
REQUEST_URI=/fwork/avene_sun/api/photo/list?page=1&pagenum=12&_=1398584244134
---
2014/04/27 07:38:41 [error] [exception.CDbException] exception 'CDbException' with message 'CDbConnection failed to open the DB connection: SQLSTATE[HY000] [1045] Access denied for user 'root'@'localhost' (using password: YES)' in /works/fwork/avene_sun/api/framework/db/CDbConnection.php:382
Stack trace:
#0 /works/fwork/avene_sun/api/framework/db/CDbConnection.php(330): CDbConnection->open()
#1 /works/fwork/avene_sun/api/framework/db/CDbConnection.php(308): CDbConnection->setActive(true)
#2 /works/fwork/avene_sun/api/framework/base/CModule.php(387): CDbConnection->init()
#3 /works/fwork/avene_sun/api/framework/base/CApplication.php(450): CModule->getComponent('db')
#4 /works/fwork/avene_sun/api/framework/db/ar/CActiveRecord.php(634): CApplication->getDb()
#5 /works/fwork/avene_sun/api/framework/db/ar/CActiveRecord.php(2361): CActiveRecord->getDbConnection()
#6 /works/fwork/avene_sun/api/framework/db/ar/CActiveRecord.php(411): CActiveRecordMetaData->__construct(Object(Photo))
#7 /works/fwork/avene_sun/api/framework/db/ar/CActiveRecord.php(79): CActiveRecord->getMetaData()
#8 /works/fwork/avene_sun/api/protected/controllers/PhotoController.php(73): CActiveRecord->__construct()
#9 /works/fwork/avene_sun/api/framework/web/actions/CInlineAction.php(49): PhotoController->actionList()
#10 /works/fwork/avene_sun/api/framework/web/CController.php(308): CInlineAction->runWithParams(Array)
#11 /works/fwork/avene_sun/api/framework/web/filters/CFilterChain.php(133): CController->runAction(Object(CInlineAction))
#12 /works/fwork/avene_sun/api/framework/web/filters/CFilter.php(40): CFilterChain->run()
#13 /works/fwork/avene_sun/api/framework/web/CController.php(1145): CFilter->filter(Object(CFilterChain))
#14 /works/fwork/avene_sun/api/framework/web/filters/CInlineFilter.php(58): CController->filterAccessControl(Object(CFilterChain))
#15 /works/fwork/avene_sun/api/framework/web/filters/CFilterChain.php(130): CInlineFilter->filter(Object(CFilterChain))
#16 /works/fwork/avene_sun/api/framework/web/CController.php(291): CFilterChain->run()
#17 /works/fwork/avene_sun/api/framework/web/CController.php(265): CController->runActionWithFilters(Object(CInlineAction), Array)
#18 /works/fwork/avene_sun/api/framework/web/CWebApplication.php(282): CController->run('list')
#19 /works/fwork/avene_sun/api/framework/web/CWebApplication.php(141): CWebApplication->runController('photo/list')
#20 /works/fwork/avene_sun/api/framework/base/CApplication.php(180): CWebApplication->processRequest()
#21 /works/fwork/avene_sun/api/index.php(20): CApplication->run()
#22 {main}
REQUEST_URI=/fwork/avene_sun/api/photo/list?page=1&pagenum=12&_=1398584244134
---
2014/04/27 07:38:41 [error] [exception.CDbException] exception 'CDbException' with message 'CDbConnection failed to open the DB connection: SQLSTATE[HY000] [1045] Access denied for user 'root'@'localhost' (using password: YES)' in /works/fwork/avene_sun/api/framework/db/CDbConnection.php:382
Stack trace:
#0 /works/fwork/avene_sun/api/framework/db/CDbConnection.php(330): CDbConnection->open()
#1 /works/fwork/avene_sun/api/framework/db/CDbConnection.php(308): CDbConnection->setActive(true)
#2 /works/fwork/avene_sun/api/framework/base/CModule.php(387): CDbConnection->init()
#3 /works/fwork/avene_sun/api/framework/base/CApplication.php(450): CModule->getComponent('db')
#4 /works/fwork/avene_sun/api/framework/db/ar/CActiveRecord.php(634): CApplication->getDb()
#5 /works/fwork/avene_sun/api/framework/db/ar/CActiveRecord.php(2361): CActiveRecord->getDbConnection()
#6 /works/fwork/avene_sun/api/framework/db/ar/CActiveRecord.php(411): CActiveRecordMetaData->__construct(Object(Photo))
#7 /works/fwork/avene_sun/api/framework/db/ar/CActiveRecord.php(79): CActiveRecord->getMetaData()
#8 /works/fwork/avene_sun/api/protected/controllers/PhotoController.php(73): CActiveRecord->__construct()
#9 /works/fwork/avene_sun/api/framework/web/actions/CInlineAction.php(49): PhotoController->actionList()
#10 /works/fwork/avene_sun/api/framework/web/CController.php(308): CInlineAction->runWithParams(Array)
#11 /works/fwork/avene_sun/api/framework/web/filters/CFilterChain.php(133): CController->runAction(Object(CInlineAction))
#12 /works/fwork/avene_sun/api/framework/web/filters/CFilter.php(40): CFilterChain->run()
#13 /works/fwork/avene_sun/api/framework/web/CController.php(1145): CFilter->filter(Object(CFilterChain))
#14 /works/fwork/avene_sun/api/framework/web/filters/CInlineFilter.php(58): CController->filterAccessControl(Object(CFilterChain))
#15 /works/fwork/avene_sun/api/framework/web/filters/CFilterChain.php(130): CInlineFilter->filter(Object(CFilterChain))
#16 /works/fwork/avene_sun/api/framework/web/CController.php(291): CFilterChain->run()
#17 /works/fwork/avene_sun/api/framework/web/CController.php(265): CController->runActionWithFilters(Object(CInlineAction), Array)
#18 /works/fwork/avene_sun/api/framework/web/CWebApplication.php(282): CController->run('list')
#19 /works/fwork/avene_sun/api/framework/web/CWebApplication.php(141): CWebApplication->runController('photo/list')
#20 /works/fwork/avene_sun/api/framework/base/CApplication.php(180): CWebApplication->processRequest()
#21 /works/fwork/avene_sun/api/index.php(20): CApplication->run()
#22 {main}
REQUEST_URI=/fwork/avene_sun/api/photo/list?page=1&pagenum=12&_=1398584244134
---
2014/04/27 07:38:41 [error] [exception.CDbException] exception 'CDbException' with message 'CDbConnection failed to open the DB connection: SQLSTATE[HY000] [1045] Access denied for user 'root'@'localhost' (using password: YES)' in /works/fwork/avene_sun/api/framework/db/CDbConnection.php:382
Stack trace:
#0 /works/fwork/avene_sun/api/framework/db/CDbConnection.php(330): CDbConnection->open()
#1 /works/fwork/avene_sun/api/framework/db/CDbConnection.php(308): CDbConnection->setActive(true)
#2 /works/fwork/avene_sun/api/framework/base/CModule.php(387): CDbConnection->init()
#3 /works/fwork/avene_sun/api/framework/base/CApplication.php(450): CModule->getComponent('db')
#4 /works/fwork/avene_sun/api/framework/db/ar/CActiveRecord.php(634): CApplication->getDb()
#5 /works/fwork/avene_sun/api/framework/db/ar/CActiveRecord.php(2361): CActiveRecord->getDbConnection()
#6 /works/fwork/avene_sun/api/framework/db/ar/CActiveRecord.php(411): CActiveRecordMetaData->__construct(Object(Photo))
#7 /works/fwork/avene_sun/api/framework/db/ar/CActiveRecord.php(79): CActiveRecord->getMetaData()
#8 /works/fwork/avene_sun/api/protected/controllers/PhotoController.php(73): CActiveRecord->__construct()
#9 /works/fwork/avene_sun/api/framework/web/actions/CInlineAction.php(49): PhotoController->actionList()
#10 /works/fwork/avene_sun/api/framework/web/CController.php(308): CInlineAction->runWithParams(Array)
#11 /works/fwork/avene_sun/api/framework/web/filters/CFilterChain.php(133): CController->runAction(Object(CInlineAction))
#12 /works/fwork/avene_sun/api/framework/web/filters/CFilter.php(40): CFilterChain->run()
#13 /works/fwork/avene_sun/api/framework/web/CController.php(1145): CFilter->filter(Object(CFilterChain))
#14 /works/fwork/avene_sun/api/framework/web/filters/CInlineFilter.php(58): CController->filterAccessControl(Object(CFilterChain))
#15 /works/fwork/avene_sun/api/framework/web/filters/CFilterChain.php(130): CInlineFilter->filter(Object(CFilterChain))
#16 /works/fwork/avene_sun/api/framework/web/CController.php(291): CFilterChain->run()
#17 /works/fwork/avene_sun/api/framework/web/CController.php(265): CController->runActionWithFilters(Object(CInlineAction), Array)
#18 /works/fwork/avene_sun/api/framework/web/CWebApplication.php(282): CController->run('list')
#19 /works/fwork/avene_sun/api/framework/web/CWebApplication.php(141): CWebApplication->runController('photo/list')
#20 /works/fwork/avene_sun/api/framework/base/CApplication.php(180): CWebApplication->processRequest()
#21 /works/fwork/avene_sun/api/index.php(20): CApplication->run()
#22 {main}
REQUEST_URI=/fwork/avene_sun/api/photo/list?page=1&pagenum=12&_=1398584244134
---
2014/04/27 07:38:42 [error] [exception.CDbException] exception 'CDbException' with message 'CDbConnection failed to open the DB connection: SQLSTATE[HY000] [1045] Access denied for user 'root'@'localhost' (using password: YES)' in /works/fwork/avene_sun/api/framework/db/CDbConnection.php:382
Stack trace:
#0 /works/fwork/avene_sun/api/framework/db/CDbConnection.php(330): CDbConnection->open()
#1 /works/fwork/avene_sun/api/framework/db/CDbConnection.php(308): CDbConnection->setActive(true)
#2 /works/fwork/avene_sun/api/framework/base/CModule.php(387): CDbConnection->init()
#3 /works/fwork/avene_sun/api/framework/base/CApplication.php(450): CModule->getComponent('db')
#4 /works/fwork/avene_sun/api/framework/db/ar/CActiveRecord.php(634): CApplication->getDb()
#5 /works/fwork/avene_sun/api/framework/db/ar/CActiveRecord.php(2361): CActiveRecord->getDbConnection()
#6 /works/fwork/avene_sun/api/framework/db/ar/CActiveRecord.php(411): CActiveRecordMetaData->__construct(Object(Photo))
#7 /works/fwork/avene_sun/api/framework/db/ar/CActiveRecord.php(79): CActiveRecord->getMetaData()
#8 /works/fwork/avene_sun/api/protected/controllers/PhotoController.php(73): CActiveRecord->__construct()
#9 /works/fwork/avene_sun/api/framework/web/actions/CInlineAction.php(49): PhotoController->actionList()
#10 /works/fwork/avene_sun/api/framework/web/CController.php(308): CInlineAction->runWithParams(Array)
#11 /works/fwork/avene_sun/api/framework/web/filters/CFilterChain.php(133): CController->runAction(Object(CInlineAction))
#12 /works/fwork/avene_sun/api/framework/web/filters/CFilter.php(40): CFilterChain->run()
#13 /works/fwork/avene_sun/api/framework/web/CController.php(1145): CFilter->filter(Object(CFilterChain))
#14 /works/fwork/avene_sun/api/framework/web/filters/CInlineFilter.php(58): CController->filterAccessControl(Object(CFilterChain))
#15 /works/fwork/avene_sun/api/framework/web/filters/CFilterChain.php(130): CInlineFilter->filter(Object(CFilterChain))
#16 /works/fwork/avene_sun/api/framework/web/CController.php(291): CFilterChain->run()
#17 /works/fwork/avene_sun/api/framework/web/CController.php(265): CController->runActionWithFilters(Object(CInlineAction), Array)
#18 /works/fwork/avene_sun/api/framework/web/CWebApplication.php(282): CController->run('list')
#19 /works/fwork/avene_sun/api/framework/web/CWebApplication.php(141): CWebApplication->runController('photo/list')
#20 /works/fwork/avene_sun/api/framework/base/CApplication.php(180): CWebApplication->processRequest()
#21 /works/fwork/avene_sun/api/index.php(20): CApplication->run()
#22 {main}
REQUEST_URI=/fwork/avene_sun/api/photo/list?page=1&pagenum=12&_=1398584244134
---
2014/04/27 07:38:42 [error] [exception.CDbException] exception 'CDbException' with message 'CDbConnection failed to open the DB connection: SQLSTATE[HY000] [1045] Access denied for user 'root'@'localhost' (using password: YES)' in /works/fwork/avene_sun/api/framework/db/CDbConnection.php:382
Stack trace:
#0 /works/fwork/avene_sun/api/framework/db/CDbConnection.php(330): CDbConnection->open()
#1 /works/fwork/avene_sun/api/framework/db/CDbConnection.php(308): CDbConnection->setActive(true)
#2 /works/fwork/avene_sun/api/framework/base/CModule.php(387): CDbConnection->init()
#3 /works/fwork/avene_sun/api/framework/base/CApplication.php(450): CModule->getComponent('db')
#4 /works/fwork/avene_sun/api/framework/db/ar/CActiveRecord.php(634): CApplication->getDb()
#5 /works/fwork/avene_sun/api/framework/db/ar/CActiveRecord.php(2361): CActiveRecord->getDbConnection()
#6 /works/fwork/avene_sun/api/framework/db/ar/CActiveRecord.php(411): CActiveRecordMetaData->__construct(Object(Photo))
#7 /works/fwork/avene_sun/api/framework/db/ar/CActiveRecord.php(79): CActiveRecord->getMetaData()
#8 /works/fwork/avene_sun/api/protected/controllers/PhotoController.php(73): CActiveRecord->__construct()
#9 /works/fwork/avene_sun/api/framework/web/actions/CInlineAction.php(49): PhotoController->actionList()
#10 /works/fwork/avene_sun/api/framework/web/CController.php(308): CInlineAction->runWithParams(Array)
#11 /works/fwork/avene_sun/api/framework/web/filters/CFilterChain.php(133): CController->runAction(Object(CInlineAction))
#12 /works/fwork/avene_sun/api/framework/web/filters/CFilter.php(40): CFilterChain->run()
#13 /works/fwork/avene_sun/api/framework/web/CController.php(1145): CFilter->filter(Object(CFilterChain))
#14 /works/fwork/avene_sun/api/framework/web/filters/CInlineFilter.php(58): CController->filterAccessControl(Object(CFilterChain))
#15 /works/fwork/avene_sun/api/framework/web/filters/CFilterChain.php(130): CInlineFilter->filter(Object(CFilterChain))
#16 /works/fwork/avene_sun/api/framework/web/CController.php(291): CFilterChain->run()
#17 /works/fwork/avene_sun/api/framework/web/CController.php(265): CController->runActionWithFilters(Object(CInlineAction), Array)
#18 /works/fwork/avene_sun/api/framework/web/CWebApplication.php(282): CController->run('list')
#19 /works/fwork/avene_sun/api/framework/web/CWebApplication.php(141): CWebApplication->runController('photo/list')
#20 /works/fwork/avene_sun/api/framework/base/CApplication.php(180): CWebApplication->processRequest()
#21 /works/fwork/avene_sun/api/index.php(20): CApplication->run()
#22 {main}
REQUEST_URI=/fwork/avene_sun/api/photo/list?page=1&pagenum=12&_=1398584244134
---
2014/04/27 07:38:43 [error] [exception.CDbException] exception 'CDbException' with message 'CDbConnection failed to open the DB connection: SQLSTATE[HY000] [1045] Access denied for user 'root'@'localhost' (using password: YES)' in /works/fwork/avene_sun/api/framework/db/CDbConnection.php:382
Stack trace:
#0 /works/fwork/avene_sun/api/framework/db/CDbConnection.php(330): CDbConnection->open()
#1 /works/fwork/avene_sun/api/framework/db/CDbConnection.php(308): CDbConnection->setActive(true)
#2 /works/fwork/avene_sun/api/framework/base/CModule.php(387): CDbConnection->init()
#3 /works/fwork/avene_sun/api/framework/base/CApplication.php(450): CModule->getComponent('db')
#4 /works/fwork/avene_sun/api/framework/db/ar/CActiveRecord.php(634): CApplication->getDb()
#5 /works/fwork/avene_sun/api/framework/db/ar/CActiveRecord.php(2361): CActiveRecord->getDbConnection()
#6 /works/fwork/avene_sun/api/framework/db/ar/CActiveRecord.php(411): CActiveRecordMetaData->__construct(Object(Photo))
#7 /works/fwork/avene_sun/api/framework/db/ar/CActiveRecord.php(79): CActiveRecord->getMetaData()
#8 /works/fwork/avene_sun/api/protected/controllers/PhotoController.php(73): CActiveRecord->__construct()
#9 /works/fwork/avene_sun/api/framework/web/actions/CInlineAction.php(49): PhotoController->actionList()
#10 /works/fwork/avene_sun/api/framework/web/CController.php(308): CInlineAction->runWithParams(Array)
#11 /works/fwork/avene_sun/api/framework/web/filters/CFilterChain.php(133): CController->runAction(Object(CInlineAction))
#12 /works/fwork/avene_sun/api/framework/web/filters/CFilter.php(40): CFilterChain->run()
#13 /works/fwork/avene_sun/api/framework/web/CController.php(1145): CFilter->filter(Object(CFilterChain))
#14 /works/fwork/avene_sun/api/framework/web/filters/CInlineFilter.php(58): CController->filterAccessControl(Object(CFilterChain))
#15 /works/fwork/avene_sun/api/framework/web/filters/CFilterChain.php(130): CInlineFilter->filter(Object(CFilterChain))
#16 /works/fwork/avene_sun/api/framework/web/CController.php(291): CFilterChain->run()
#17 /works/fwork/avene_sun/api/framework/web/CController.php(265): CController->runActionWithFilters(Object(CInlineAction), Array)
#18 /works/fwork/avene_sun/api/framework/web/CWebApplication.php(282): CController->run('list')
#19 /works/fwork/avene_sun/api/framework/web/CWebApplication.php(141): CWebApplication->runController('photo/list')
#20 /works/fwork/avene_sun/api/framework/base/CApplication.php(180): CWebApplication->processRequest()
#21 /works/fwork/avene_sun/api/index.php(20): CApplication->run()
#22 {main}
REQUEST_URI=/fwork/avene_sun/api/photo/list?page=1&pagenum=12&_=1398584244134
---
2014/04/27 07:38:43 [error] [exception.CDbException] exception 'CDbException' with message 'CDbConnection failed to open the DB connection: SQLSTATE[HY000] [1045] Access denied for user 'root'@'localhost' (using password: YES)' in /works/fwork/avene_sun/api/framework/db/CDbConnection.php:382
Stack trace:
#0 /works/fwork/avene_sun/api/framework/db/CDbConnection.php(330): CDbConnection->open()
#1 /works/fwork/avene_sun/api/framework/db/CDbConnection.php(308): CDbConnection->setActive(true)
#2 /works/fwork/avene_sun/api/framework/base/CModule.php(387): CDbConnection->init()
#3 /works/fwork/avene_sun/api/framework/base/CApplication.php(450): CModule->getComponent('db')
#4 /works/fwork/avene_sun/api/framework/db/ar/CActiveRecord.php(634): CApplication->getDb()
#5 /works/fwork/avene_sun/api/framework/db/ar/CActiveRecord.php(2361): CActiveRecord->getDbConnection()
#6 /works/fwork/avene_sun/api/framework/db/ar/CActiveRecord.php(411): CActiveRecordMetaData->__construct(Object(Photo))
#7 /works/fwork/avene_sun/api/framework/db/ar/CActiveRecord.php(79): CActiveRecord->getMetaData()
#8 /works/fwork/avene_sun/api/protected/controllers/PhotoController.php(73): CActiveRecord->__construct()
#9 /works/fwork/avene_sun/api/framework/web/actions/CInlineAction.php(49): PhotoController->actionList()
#10 /works/fwork/avene_sun/api/framework/web/CController.php(308): CInlineAction->runWithParams(Array)
#11 /works/fwork/avene_sun/api/framework/web/filters/CFilterChain.php(133): CController->runAction(Object(CInlineAction))
#12 /works/fwork/avene_sun/api/framework/web/filters/CFilter.php(40): CFilterChain->run()
#13 /works/fwork/avene_sun/api/framework/web/CController.php(1145): CFilter->filter(Object(CFilterChain))
#14 /works/fwork/avene_sun/api/framework/web/filters/CInlineFilter.php(58): CController->filterAccessControl(Object(CFilterChain))
#15 /works/fwork/avene_sun/api/framework/web/filters/CFilterChain.php(130): CInlineFilter->filter(Object(CFilterChain))
#16 /works/fwork/avene_sun/api/framework/web/CController.php(291): CFilterChain->run()
#17 /works/fwork/avene_sun/api/framework/web/CController.php(265): CController->runActionWithFilters(Object(CInlineAction), Array)
#18 /works/fwork/avene_sun/api/framework/web/CWebApplication.php(282): CController->run('list')
#19 /works/fwork/avene_sun/api/framework/web/CWebApplication.php(141): CWebApplication->runController('photo/list')
#20 /works/fwork/avene_sun/api/framework/base/CApplication.php(180): CWebApplication->processRequest()
#21 /works/fwork/avene_sun/api/index.php(20): CApplication->run()
#22 {main}
REQUEST_URI=/fwork/avene_sun/api/photo/list?page=1&pagenum=12&_=1398584244134
---
2014/04/27 07:38:43 [error] [exception.CDbException] exception 'CDbException' with message 'CDbConnection failed to open the DB connection: SQLSTATE[HY000] [1045] Access denied for user 'root'@'localhost' (using password: YES)' in /works/fwork/avene_sun/api/framework/db/CDbConnection.php:382
Stack trace:
#0 /works/fwork/avene_sun/api/framework/db/CDbConnection.php(330): CDbConnection->open()
#1 /works/fwork/avene_sun/api/framework/db/CDbConnection.php(308): CDbConnection->setActive(true)
#2 /works/fwork/avene_sun/api/framework/base/CModule.php(387): CDbConnection->init()
#3 /works/fwork/avene_sun/api/framework/base/CApplication.php(450): CModule->getComponent('db')
#4 /works/fwork/avene_sun/api/framework/db/ar/CActiveRecord.php(634): CApplication->getDb()
#5 /works/fwork/avene_sun/api/framework/db/ar/CActiveRecord.php(2361): CActiveRecord->getDbConnection()
#6 /works/fwork/avene_sun/api/framework/db/ar/CActiveRecord.php(411): CActiveRecordMetaData->__construct(Object(Photo))
#7 /works/fwork/avene_sun/api/framework/db/ar/CActiveRecord.php(79): CActiveRecord->getMetaData()
#8 /works/fwork/avene_sun/api/protected/controllers/PhotoController.php(73): CActiveRecord->__construct()
#9 /works/fwork/avene_sun/api/framework/web/actions/CInlineAction.php(49): PhotoController->actionList()
#10 /works/fwork/avene_sun/api/framework/web/CController.php(308): CInlineAction->runWithParams(Array)
#11 /works/fwork/avene_sun/api/framework/web/filters/CFilterChain.php(133): CController->runAction(Object(CInlineAction))
#12 /works/fwork/avene_sun/api/framework/web/filters/CFilter.php(40): CFilterChain->run()
#13 /works/fwork/avene_sun/api/framework/web/CController.php(1145): CFilter->filter(Object(CFilterChain))
#14 /works/fwork/avene_sun/api/framework/web/filters/CInlineFilter.php(58): CController->filterAccessControl(Object(CFilterChain))
#15 /works/fwork/avene_sun/api/framework/web/filters/CFilterChain.php(130): CInlineFilter->filter(Object(CFilterChain))
#16 /works/fwork/avene_sun/api/framework/web/CController.php(291): CFilterChain->run()
#17 /works/fwork/avene_sun/api/framework/web/CController.php(265): CController->runActionWithFilters(Object(CInlineAction), Array)
#18 /works/fwork/avene_sun/api/framework/web/CWebApplication.php(282): CController->run('list')
#19 /works/fwork/avene_sun/api/framework/web/CWebApplication.php(141): CWebApplication->runController('photo/list')
#20 /works/fwork/avene_sun/api/framework/base/CApplication.php(180): CWebApplication->processRequest()
#21 /works/fwork/avene_sun/api/index.php(20): CApplication->run()
#22 {main}
REQUEST_URI=/fwork/avene_sun/api/photo/list?page=1&pagenum=12&_=1398584244134
---
2014/04/27 07:38:44 [error] [exception.CDbException] exception 'CDbException' with message 'CDbConnection failed to open the DB connection: SQLSTATE[HY000] [1045] Access denied for user 'root'@'localhost' (using password: YES)' in /works/fwork/avene_sun/api/framework/db/CDbConnection.php:382
Stack trace:
#0 /works/fwork/avene_sun/api/framework/db/CDbConnection.php(330): CDbConnection->open()
#1 /works/fwork/avene_sun/api/framework/db/CDbConnection.php(308): CDbConnection->setActive(true)
#2 /works/fwork/avene_sun/api/framework/base/CModule.php(387): CDbConnection->init()
#3 /works/fwork/avene_sun/api/framework/base/CApplication.php(450): CModule->getComponent('db')
#4 /works/fwork/avene_sun/api/framework/db/ar/CActiveRecord.php(634): CApplication->getDb()
#5 /works/fwork/avene_sun/api/framework/db/ar/CActiveRecord.php(2361): CActiveRecord->getDbConnection()
#6 /works/fwork/avene_sun/api/framework/db/ar/CActiveRecord.php(411): CActiveRecordMetaData->__construct(Object(Photo))
#7 /works/fwork/avene_sun/api/framework/db/ar/CActiveRecord.php(79): CActiveRecord->getMetaData()
#8 /works/fwork/avene_sun/api/protected/controllers/PhotoController.php(73): CActiveRecord->__construct()
#9 /works/fwork/avene_sun/api/framework/web/actions/CInlineAction.php(49): PhotoController->actionList()
#10 /works/fwork/avene_sun/api/framework/web/CController.php(308): CInlineAction->runWithParams(Array)
#11 /works/fwork/avene_sun/api/framework/web/filters/CFilterChain.php(133): CController->runAction(Object(CInlineAction))
#12 /works/fwork/avene_sun/api/framework/web/filters/CFilter.php(40): CFilterChain->run()
#13 /works/fwork/avene_sun/api/framework/web/CController.php(1145): CFilter->filter(Object(CFilterChain))
#14 /works/fwork/avene_sun/api/framework/web/filters/CInlineFilter.php(58): CController->filterAccessControl(Object(CFilterChain))
#15 /works/fwork/avene_sun/api/framework/web/filters/CFilterChain.php(130): CInlineFilter->filter(Object(CFilterChain))
#16 /works/fwork/avene_sun/api/framework/web/CController.php(291): CFilterChain->run()
#17 /works/fwork/avene_sun/api/framework/web/CController.php(265): CController->runActionWithFilters(Object(CInlineAction), Array)
#18 /works/fwork/avene_sun/api/framework/web/CWebApplication.php(282): CController->run('list')
#19 /works/fwork/avene_sun/api/framework/web/CWebApplication.php(141): CWebApplication->runController('photo/list')
#20 /works/fwork/avene_sun/api/framework/base/CApplication.php(180): CWebApplication->processRequest()
#21 /works/fwork/avene_sun/api/index.php(20): CApplication->run()
#22 {main}
REQUEST_URI=/fwork/avene_sun/api/photo/list?page=1&pagenum=12&_=1398584244134
---
2014/04/27 07:38:44 [error] [exception.CDbException] exception 'CDbException' with message 'CDbConnection failed to open the DB connection: SQLSTATE[HY000] [1045] Access denied for user 'root'@'localhost' (using password: YES)' in /works/fwork/avene_sun/api/framework/db/CDbConnection.php:382
Stack trace:
#0 /works/fwork/avene_sun/api/framework/db/CDbConnection.php(330): CDbConnection->open()
#1 /works/fwork/avene_sun/api/framework/db/CDbConnection.php(308): CDbConnection->setActive(true)
#2 /works/fwork/avene_sun/api/framework/base/CModule.php(387): CDbConnection->init()
#3 /works/fwork/avene_sun/api/framework/base/CApplication.php(450): CModule->getComponent('db')
#4 /works/fwork/avene_sun/api/framework/db/ar/CActiveRecord.php(634): CApplication->getDb()
#5 /works/fwork/avene_sun/api/framework/db/ar/CActiveRecord.php(2361): CActiveRecord->getDbConnection()
#6 /works/fwork/avene_sun/api/framework/db/ar/CActiveRecord.php(411): CActiveRecordMetaData->__construct(Object(Photo))
#7 /works/fwork/avene_sun/api/framework/db/ar/CActiveRecord.php(79): CActiveRecord->getMetaData()
#8 /works/fwork/avene_sun/api/protected/controllers/PhotoController.php(73): CActiveRecord->__construct()
#9 /works/fwork/avene_sun/api/framework/web/actions/CInlineAction.php(49): PhotoController->actionList()
#10 /works/fwork/avene_sun/api/framework/web/CController.php(308): CInlineAction->runWithParams(Array)
#11 /works/fwork/avene_sun/api/framework/web/filters/CFilterChain.php(133): CController->runAction(Object(CInlineAction))
#12 /works/fwork/avene_sun/api/framework/web/filters/CFilter.php(40): CFilterChain->run()
#13 /works/fwork/avene_sun/api/framework/web/CController.php(1145): CFilter->filter(Object(CFilterChain))
#14 /works/fwork/avene_sun/api/framework/web/filters/CInlineFilter.php(58): CController->filterAccessControl(Object(CFilterChain))
#15 /works/fwork/avene_sun/api/framework/web/filters/CFilterChain.php(130): CInlineFilter->filter(Object(CFilterChain))
#16 /works/fwork/avene_sun/api/framework/web/CController.php(291): CFilterChain->run()
#17 /works/fwork/avene_sun/api/framework/web/CController.php(265): CController->runActionWithFilters(Object(CInlineAction), Array)
#18 /works/fwork/avene_sun/api/framework/web/CWebApplication.php(282): CController->run('list')
#19 /works/fwork/avene_sun/api/framework/web/CWebApplication.php(141): CWebApplication->runController('photo/list')
#20 /works/fwork/avene_sun/api/framework/base/CApplication.php(180): CWebApplication->processRequest()
#21 /works/fwork/avene_sun/api/index.php(20): CApplication->run()
#22 {main}
REQUEST_URI=/fwork/avene_sun/api/photo/list?page=1&pagenum=12&_=1398584244134
---
2014/04/27 08:01:09 [error] [php] date(): It is not safe to rely on the system's timezone settings. You are *required* to use the date.timezone setting or the date_default_timezone_set() function. In case you used any of those methods and you are still getting this warning, you most likely misspelled the timezone identifier. We selected the timezone 'UTC' for now, but please set date.timezone to select your timezone. (/works/fwork/avene_sun/api/protected/views/layouts/main.php:51)
Stack trace:
#0 /works/fwork/avene_sun/api/framework/web/CBaseController.php(95): SiteController->renderInternal()
#1 /works/fwork/avene_sun/api/framework/web/widgets/CContentDecorator.php(76): SiteController->renderFile()
#2 /works/fwork/avene_sun/api/framework/web/widgets/CContentDecorator.php(54): CContentDecorator->decorate()
#3 /works/fwork/avene_sun/api/framework/web/widgets/COutputProcessor.php(44): CContentDecorator->processOutput()
#4 /works/fwork/avene_sun/api/framework/web/CBaseController.php(206): CContentDecorator->run()
#5 /works/fwork/avene_sun/api/framework/web/CBaseController.php(300): SiteController->endWidget()
#6 /works/fwork/avene_sun/api/protected/views/layouts/column1.php(6): SiteController->endContent()
#7 /works/fwork/avene_sun/api/framework/web/CBaseController.php(126): require()
#8 /works/fwork/avene_sun/api/framework/web/CBaseController.php(95): SiteController->renderInternal()
#9 /works/fwork/avene_sun/api/framework/web/CController.php(784): SiteController->renderFile()
#10 /works/fwork/avene_sun/api/protected/controllers/SiteController.php(32): SiteController->render()
#11 /works/fwork/avene_sun/api/framework/web/actions/CInlineAction.php(49): SiteController->actionIndex()
#12 /works/fwork/avene_sun/api/framework/web/CController.php(308): CInlineAction->runWithParams()
#13 /works/fwork/avene_sun/api/framework/web/CController.php(286): SiteController->runAction()
#14 /works/fwork/avene_sun/api/framework/web/CController.php(265): SiteController->runActionWithFilters()
#15 /works/fwork/avene_sun/api/framework/web/CWebApplication.php(282): SiteController->run()
#16 /works/fwork/avene_sun/api/framework/web/CWebApplication.php(141): CWebApplication->runController()
#17 /works/fwork/avene_sun/api/framework/base/CApplication.php(180): CWebApplication->processRequest()
#18 /works/fwork/avene_sun/api/index.php(20): CWebApplication->run()
REQUEST_URI=/fwork/avene_sun/api/
in /works/fwork/avene_sun/api/protected/views/layouts/main.php (51)
in /works/fwork/avene_sun/api/protected/views/layouts/column1.php (6)
in /works/fwork/avene_sun/api/protected/controllers/SiteController.php (32)
2014/04/27 08:04:10 [error] [exception.CHttpException.404] exception 'CHttpException' with message 'Unable to resolve the request "upload/20140403/3695420868388024_big.jpg".' in /works/fwork/avene_sun/api/framework/web/CWebApplication.php:286
Stack trace:
#0 /works/fwork/avene_sun/api/framework/web/CWebApplication.php(141): CWebApplication->runController('upload/20140403...')
#1 /works/fwork/avene_sun/api/framework/base/CApplication.php(180): CWebApplication->processRequest()
#2 /works/fwork/avene_sun/api/index.php(20): CApplication->run()
#3 {main}
REQUEST_URI=/fwork/avene_sun/api/upload/20140403/3695420868388024_big.jpg
---
2014/04/27 08:04:17 [error] [exception.CHttpException.404] exception 'CHttpException' with message 'Unable to resolve the request "upload/20140403/3695420868388024_middle.jpg".' in /works/fwork/avene_sun/api/framework/web/CWebApplication.php:286
Stack trace:
#0 /works/fwork/avene_sun/api/framework/web/CWebApplication.php(141): CWebApplication->runController('upload/20140403...')
#1 /works/fwork/avene_sun/api/framework/base/CApplication.php(180): CWebApplication->processRequest()
#2 /works/fwork/avene_sun/api/index.php(20): CApplication->run()
#3 {main}
REQUEST_URI=/fwork/avene_sun/api/upload/20140403/3695420868388024_middle.jpg
---
2014/04/27 09:59:55 [error] [exception.CHttpException.404] exception 'CHttpException' with message 'Unable to resolve the request "{{photo.image | thumbnail}}".' in /works/fwork/avene_sun/api/framework/web/CWebApplication.php:286
Stack trace:
#0 /works/fwork/avene_sun/api/framework/web/CWebApplication.php(141): CWebApplication->runController('{{photo.image |...')
#1 /works/fwork/avene_sun/api/framework/base/CApplication.php(180): CWebApplication->processRequest()
#2 /works/fwork/avene_sun/api/index.php(20): CApplication->run()
#3 {main}
REQUEST_URI=/fwork/avene_sun/api/index.php/%7B%7Bphoto.image%20%7C%20thumbnail%7D%7D
HTTP_REFERER=http://localhost:81/fwork/avene_sun/api/index.php/admin
---
2014/04/28 13:42:51 [error] [exception.CDbException] exception 'CDbException' with message 'CDbConnection failed to open the DB connection: SQLSTATE[42000] [1049] Unknown database 'avene_sun'' in /Applications/MAMP/htdocs/avene_sun/api/framework/db/CDbConnection.php:382
Stack trace:
#0 /Applications/MAMP/htdocs/avene_sun/api/framework/db/CDbConnection.php(330): CDbConnection->open()
#1 /Applications/MAMP/htdocs/avene_sun/api/framework/db/CDbConnection.php(308): CDbConnection->setActive(true)
#2 /Applications/MAMP/htdocs/avene_sun/api/framework/base/CModule.php(387): CDbConnection->init()
#3 /Applications/MAMP/htdocs/avene_sun/api/framework/base/CApplication.php(450): CModule->getComponent('db')
#4 /Applications/MAMP/htdocs/avene_sun/api/framework/db/ar/CActiveRecord.php(634): CApplication->getDb()
#5 /Applications/MAMP/htdocs/avene_sun/api/framework/db/ar/CActiveRecord.php(2361): CActiveRecord->getDbConnection()
#6 /Applications/MAMP/htdocs/avene_sun/api/framework/db/ar/CActiveRecord.php(411): CActiveRecordMetaData->__construct(Object(Game))
#7 /Applications/MAMP/htdocs/avene_sun/api/framework/db/ar/CActiveRecord.php(79): CActiveRecord->getMetaData()
#8 /Applications/MAMP/htdocs/avene_sun/api/protected/controllers/GameController.php(66): CActiveRecord->__construct()
#9 /Applications/MAMP/htdocs/avene_sun/api/framework/web/actions/CInlineAction.php(49): GameController->actionPost()
#10 /Applications/MAMP/htdocs/avene_sun/api/framework/web/CController.php(308): CInlineAction->runWithParams(Array)
#11 /Applications/MAMP/htdocs/avene_sun/api/framework/web/CController.php(286): CController->runAction(Object(CInlineAction))
#12 /Applications/MAMP/htdocs/avene_sun/api/framework/web/CController.php(265): CController->runActionWithFilters(Object(CInlineAction), Array)
#13 /Applications/MAMP/htdocs/avene_sun/api/framework/web/CWebApplication.php(282): CController->run('post')
#14 /Applications/MAMP/htdocs/avene_sun/api/framework/web/CWebApplication.php(141): CWebApplication->runController('game/post')
#15 /Applications/MAMP/htdocs/avene_sun/api/framework/base/CApplication.php(180): CWebApplication->processRequest()
#16 /Applications/MAMP/htdocs/avene_sun/api/index.php(20): CApplication->run()
#17 {main}
REQUEST_URI=/avene_sun/api/game/post
HTTP_REFERER=http://localhost:8888/avene_sun/game.html
---
2014/04/29 03:14:41 [error] [exception.CDbException] exception 'CDbException' with message 'CDbConnection failed to open the DB connection: SQLSTATE[42000] [1049] Unknown database 'avene_sun'' in /Applications/MAMP/htdocs/avene_sun/api/framework/db/CDbConnection.php:382
Stack trace:
#0 /Applications/MAMP/htdocs/avene_sun/api/framework/db/CDbConnection.php(330): CDbConnection->open()
#1 /Applications/MAMP/htdocs/avene_sun/api/framework/db/CDbConnection.php(308): CDbConnection->setActive(true)
#2 /Applications/MAMP/htdocs/avene_sun/api/framework/base/CModule.php(387): CDbConnection->init()
#3 /Applications/MAMP/htdocs/avene_sun/api/framework/base/CApplication.php(450): CModule->getComponent('db')
#4 /Applications/MAMP/htdocs/avene_sun/api/framework/db/ar/CActiveRecord.php(634): CApplication->getDb()
#5 /Applications/MAMP/htdocs/avene_sun/api/framework/db/ar/CActiveRecord.php(2361): CActiveRecord->getDbConnection()
#6 /Applications/MAMP/htdocs/avene_sun/api/framework/db/ar/CActiveRecord.php(411): CActiveRecordMetaData->__construct(Object(Photo))
#7 /Applications/MAMP/htdocs/avene_sun/api/framework/db/ar/CActiveRecord.php(79): CActiveRecord->getMetaData()
#8 /Applications/MAMP/htdocs/avene_sun/api/protected/controllers/PhotoController.php(73): CActiveRecord->__construct()
#9 /Applications/MAMP/htdocs/avene_sun/api/framework/web/actions/CInlineAction.php(49): PhotoController->actionList()
#10 /Applications/MAMP/htdocs/avene_sun/api/framework/web/CController.php(308): CInlineAction->runWithParams(Array)
#11 /Applications/MAMP/htdocs/avene_sun/api/framework/web/filters/CFilterChain.php(133): CController->runAction(Object(CInlineAction))
#12 /Applications/MAMP/htdocs/avene_sun/api/framework/web/filters/CFilter.php(40): CFilterChain->run()
#13 /Applications/MAMP/htdocs/avene_sun/api/framework/web/CController.php(1145): CFilter->filter(Object(CFilterChain))
#14 /Applications/MAMP/htdocs/avene_sun/api/framework/web/filters/CInlineFilter.php(58): CController->filterAccessControl(Object(CFilterChain))
#15 /Applications/MAMP/htdocs/avene_sun/api/framework/web/filters/CFilterChain.php(130): CInlineFilter->filter(Object(CFilterChain))
#16 /Applications/MAMP/htdocs/avene_sun/api/framework/web/CController.php(291): CFilterChain->run()
#17 /Applications/MAMP/htdocs/avene_sun/api/framework/web/CController.php(265): CController->runActionWithFilters(Object(CInlineAction), Array)
#18 /Applications/MAMP/htdocs/avene_sun/api/framework/web/CWebApplication.php(282): CController->run('list')
#19 /Applications/MAMP/htdocs/avene_sun/api/framework/web/CWebApplication.php(141): CWebApplication->runController('photo/list')
#20 /Applications/MAMP/htdocs/avene_sun/api/framework/base/CApplication.php(180): CWebApplication->processRequest()
#21 /Applications/MAMP/htdocs/avene_sun/api/index.php(20): CApplication->run()
#22 {main}
REQUEST_URI=/avene_sun/api/photo/list?page=1&pagenum=12&_=1398734078455
HTTP_REFERER=http://localhost:8888/avene_sun/wall.html
---
2014/04/29 03:14:49 [error] [exception.CDbException] exception 'CDbException' with message 'CDbConnection failed to open the DB connection: SQLSTATE[42000] [1049] Unknown database 'avene_sun'' in /Applications/MAMP/htdocs/avene_sun/api/framework/db/CDbConnection.php:382
Stack trace:
#0 /Applications/MAMP/htdocs/avene_sun/api/framework/db/CDbConnection.php(330): CDbConnection->open()
#1 /Applications/MAMP/htdocs/avene_sun/api/framework/db/CDbConnection.php(308): CDbConnection->setActive(true)
#2 /Applications/MAMP/htdocs/avene_sun/api/framework/base/CModule.php(387): CDbConnection->init()
#3 /Applications/MAMP/htdocs/avene_sun/api/framework/base/CApplication.php(450): CModule->getComponent('db')
#4 /Applications/MAMP/htdocs/avene_sun/api/framework/db/ar/CActiveRecord.php(634): CApplication->getDb()
#5 /Applications/MAMP/htdocs/avene_sun/api/framework/db/ar/CActiveRecord.php(2361): CActiveRecord->getDbConnection()
#6 /Applications/MAMP/htdocs/avene_sun/api/framework/db/ar/CActiveRecord.php(411): CActiveRecordMetaData->__construct(Object(Photo))
#7 /Applications/MAMP/htdocs/avene_sun/api/framework/db/ar/CActiveRecord.php(79): CActiveRecord->getMetaData()
#8 /Applications/MAMP/htdocs/avene_sun/api/protected/controllers/PhotoController.php(73): CActiveRecord->__construct()
#9 /Applications/MAMP/htdocs/avene_sun/api/framework/web/actions/CInlineAction.php(49): PhotoController->actionList()
#10 /Applications/MAMP/htdocs/avene_sun/api/framework/web/CController.php(308): CInlineAction->runWithParams(Array)
#11 /Applications/MAMP/htdocs/avene_sun/api/framework/web/filters/CFilterChain.php(133): CController->runAction(Object(CInlineAction))
#12 /Applications/MAMP/htdocs/avene_sun/api/framework/web/filters/CFilter.php(40): CFilterChain->run()
#13 /Applications/MAMP/htdocs/avene_sun/api/framework/web/CController.php(1145): CFilter->filter(Object(CFilterChain))
#14 /Applications/MAMP/htdocs/avene_sun/api/framework/web/filters/CInlineFilter.php(58): CController->filterAccessControl(Object(CFilterChain))
#15 /Applications/MAMP/htdocs/avene_sun/api/framework/web/filters/CFilterChain.php(130): CInlineFilter->filter(Object(CFilterChain))
#16 /Applications/MAMP/htdocs/avene_sun/api/framework/web/CController.php(291): CFilterChain->run()
#17 /Applications/MAMP/htdocs/avene_sun/api/framework/web/CController.php(265): CController->runActionWithFilters(Object(CInlineAction), Array)
#18 /Applications/MAMP/htdocs/avene_sun/api/framework/web/CWebApplication.php(282): CController->run('list')
#19 /Applications/MAMP/htdocs/avene_sun/api/framework/web/CWebApplication.php(141): CWebApplication->runController('photo/list')
#20 /Applications/MAMP/htdocs/avene_sun/api/framework/base/CApplication.php(180): CWebApplication->processRequest()
#21 /Applications/MAMP/htdocs/avene_sun/api/index.php(20): CApplication->run()
#22 {main}
REQUEST_URI=/avene_sun/api/photo/list?page=1&pagenum=12&_=1398734088471
HTTP_REFERER=http://localhost:8888/avene_sun/wall.html
---
2014/04/29 03:15:28 [error] [exception.CDbException] exception 'CDbException' with message 'CDbConnection failed to open the DB connection: SQLSTATE[42000] [1049] Unknown database 'avene_sun'' in /Applications/MAMP/htdocs/avene_sun/api/framework/db/CDbConnection.php:382
Stack trace:
#0 /Applications/MAMP/htdocs/avene_sun/api/framework/db/CDbConnection.php(330): CDbConnection->open()
#1 /Applications/MAMP/htdocs/avene_sun/api/framework/db/CDbConnection.php(308): CDbConnection->setActive(true)
#2 /Applications/MAMP/htdocs/avene_sun/api/framework/base/CModule.php(387): CDbConnection->init()
#3 /Applications/MAMP/htdocs/avene_sun/api/framework/base/CApplication.php(450): CModule->getComponent('db')
#4 /Applications/MAMP/htdocs/avene_sun/api/framework/db/ar/CActiveRecord.php(634): CApplication->getDb()
#5 /Applications/MAMP/htdocs/avene_sun/api/framework/db/ar/CActiveRecord.php(2361): CActiveRecord->getDbConnection()
#6 /Applications/MAMP/htdocs/avene_sun/api/framework/db/ar/CActiveRecord.php(411): CActiveRecordMetaData->__construct(Object(Photo))
#7 /Applications/MAMP/htdocs/avene_sun/api/framework/db/ar/CActiveRecord.php(79): CActiveRecord->getMetaData()
#8 /Applications/MAMP/htdocs/avene_sun/api/protected/controllers/PhotoController.php(73): CActiveRecord->__construct()
#9 /Applications/MAMP/htdocs/avene_sun/api/framework/web/actions/CInlineAction.php(49): PhotoController->actionList()
#10 /Applications/MAMP/htdocs/avene_sun/api/framework/web/CController.php(308): CInlineAction->runWithParams(Array)
#11 /Applications/MAMP/htdocs/avene_sun/api/framework/web/filters/CFilterChain.php(133): CController->runAction(Object(CInlineAction))
#12 /Applications/MAMP/htdocs/avene_sun/api/framework/web/filters/CFilter.php(40): CFilterChain->run()
#13 /Applications/MAMP/htdocs/avene_sun/api/framework/web/CController.php(1145): CFilter->filter(Object(CFilterChain))
#14 /Applications/MAMP/htdocs/avene_sun/api/framework/web/filters/CInlineFilter.php(58): CController->filterAccessControl(Object(CFilterChain))
#15 /Applications/MAMP/htdocs/avene_sun/api/framework/web/filters/CFilterChain.php(130): CInlineFilter->filter(Object(CFilterChain))
#16 /Applications/MAMP/htdocs/avene_sun/api/framework/web/CController.php(291): CFilterChain->run()
#17 /Applications/MAMP/htdocs/avene_sun/api/framework/web/CController.php(265): CController->runActionWithFilters(Object(CInlineAction), Array)
#18 /Applications/MAMP/htdocs/avene_sun/api/framework/web/CWebApplication.php(282): CController->run('list')
#19 /Applications/MAMP/htdocs/avene_sun/api/framework/web/CWebApplication.php(141): CWebApplication->runController('photo/list')
#20 /Applications/MAMP/htdocs/avene_sun/api/framework/base/CApplication.php(180): CWebApplication->processRequest()
#21 /Applications/MAMP/htdocs/avene_sun/api/index.php(20): CApplication->run()
#22 {main}
REQUEST_URI=/avene_sun/api/photo/list?page=1&pagenum=12&_=1398734127827
HTTP_REFERER=http://localhost:8888/avene_sun/wall.html
---
2014/04/29 03:15:58 [error] [exception.CDbException] exception 'CDbException' with message 'CDbConnection failed to open the DB connection: SQLSTATE[42000] [1049] Unknown database 'avene_sun'' in /Applications/MAMP/htdocs/avene_sun/api/framework/db/CDbConnection.php:382
Stack trace:
#0 /Applications/MAMP/htdocs/avene_sun/api/framework/db/CDbConnection.php(330): CDbConnection->open()
#1 /Applications/MAMP/htdocs/avene_sun/api/framework/db/CDbConnection.php(308): CDbConnection->setActive(true)
#2 /Applications/MAMP/htdocs/avene_sun/api/framework/base/CModule.php(387): CDbConnection->init()
#3 /Applications/MAMP/htdocs/avene_sun/api/framework/base/CApplication.php(450): CModule->getComponent('db')
#4 /Applications/MAMP/htdocs/avene_sun/api/framework/db/ar/CActiveRecord.php(634): CApplication->getDb()
#5 /Applications/MAMP/htdocs/avene_sun/api/framework/db/ar/CActiveRecord.php(2361): CActiveRecord->getDbConnection()
#6 /Applications/MAMP/htdocs/avene_sun/api/framework/db/ar/CActiveRecord.php(411): CActiveRecordMetaData->__construct(Object(Photo))
#7 /Applications/MAMP/htdocs/avene_sun/api/framework/db/ar/CActiveRecord.php(79): CActiveRecord->getMetaData()
#8 /Applications/MAMP/htdocs/avene_sun/api/protected/controllers/PhotoController.php(73): CActiveRecord->__construct()
#9 /Applications/MAMP/htdocs/avene_sun/api/framework/web/actions/CInlineAction.php(49): PhotoController->actionList()
#10 /Applications/MAMP/htdocs/avene_sun/api/framework/web/CController.php(308): CInlineAction->runWithParams(Array)
#11 /Applications/MAMP/htdocs/avene_sun/api/framework/web/filters/CFilterChain.php(133): CController->runAction(Object(CInlineAction))
#12 /Applications/MAMP/htdocs/avene_sun/api/framework/web/filters/CFilter.php(40): CFilterChain->run()
#13 /Applications/MAMP/htdocs/avene_sun/api/framework/web/CController.php(1145): CFilter->filter(Object(CFilterChain))
#14 /Applications/MAMP/htdocs/avene_sun/api/framework/web/filters/CInlineFilter.php(58): CController->filterAccessControl(Object(CFilterChain))
#15 /Applications/MAMP/htdocs/avene_sun/api/framework/web/filters/CFilterChain.php(130): CInlineFilter->filter(Object(CFilterChain))
#16 /Applications/MAMP/htdocs/avene_sun/api/framework/web/CController.php(291): CFilterChain->run()
#17 /Applications/MAMP/htdocs/avene_sun/api/framework/web/CController.php(265): CController->runActionWithFilters(Object(CInlineAction), Array)
#18 /Applications/MAMP/htdocs/avene_sun/api/framework/web/CWebApplication.php(282): CController->run('list')
#19 /Applications/MAMP/htdocs/avene_sun/api/framework/web/CWebApplication.php(141): CWebApplication->runController('photo/list')
#20 /Applications/MAMP/htdocs/avene_sun/api/framework/base/CApplication.php(180): CWebApplication->processRequest()
#21 /Applications/MAMP/htdocs/avene_sun/api/index.php(20): CApplication->run()
#22 {main}
REQUEST_URI=/avene_sun/api/photo/list?page=1&pagenum=12&_=1398734158209
HTTP_REFERER=http://localhost:8888/avene_sun/wall.html
---
2014/04/29 03:16:20 [error] [exception.CDbException] exception 'CDbException' with message 'CDbConnection failed to open the DB connection: SQLSTATE[42000] [1049] Unknown database 'avene_sun'' in /Applications/MAMP/htdocs/avene_sun/api/framework/db/CDbConnection.php:382
Stack trace:
#0 /Applications/MAMP/htdocs/avene_sun/api/framework/db/CDbConnection.php(330): CDbConnection->open()
#1 /Applications/MAMP/htdocs/avene_sun/api/framework/db/CDbConnection.php(308): CDbConnection->setActive(true)
#2 /Applications/MAMP/htdocs/avene_sun/api/framework/base/CModule.php(387): CDbConnection->init()
#3 /Applications/MAMP/htdocs/avene_sun/api/framework/base/CApplication.php(450): CModule->getComponent('db')
#4 /Applications/MAMP/htdocs/avene_sun/api/framework/db/ar/CActiveRecord.php(634): CApplication->getDb()
#5 /Applications/MAMP/htdocs/avene_sun/api/framework/db/ar/CActiveRecord.php(2361): CActiveRecord->getDbConnection()
#6 /Applications/MAMP/htdocs/avene_sun/api/framework/db/ar/CActiveRecord.php(411): CActiveRecordMetaData->__construct(Object(Photo))
#7 /Applications/MAMP/htdocs/avene_sun/api/framework/db/ar/CActiveRecord.php(79): CActiveRecord->getMetaData()
#8 /Applications/MAMP/htdocs/avene_sun/api/protected/controllers/PhotoController.php(73): CActiveRecord->__construct()
#9 /Applications/MAMP/htdocs/avene_sun/api/framework/web/actions/CInlineAction.php(49): PhotoController->actionList()
#10 /Applications/MAMP/htdocs/avene_sun/api/framework/web/CController.php(308): CInlineAction->runWithParams(Array)
#11 /Applications/MAMP/htdocs/avene_sun/api/framework/web/filters/CFilterChain.php(133): CController->runAction(Object(CInlineAction))
#12 /Applications/MAMP/htdocs/avene_sun/api/framework/web/filters/CFilter.php(40): CFilterChain->run()
#13 /Applications/MAMP/htdocs/avene_sun/api/framework/web/CController.php(1145): CFilter->filter(Object(CFilterChain))
#14 /Applications/MAMP/htdocs/avene_sun/api/framework/web/filters/CInlineFilter.php(58): CController->filterAccessControl(Object(CFilterChain))
#15 /Applications/MAMP/htdocs/avene_sun/api/framework/web/filters/CFilterChain.php(130): CInlineFilter->filter(Object(CFilterChain))
#16 /Applications/MAMP/htdocs/avene_sun/api/framework/web/CController.php(291): CFilterChain->run()
#17 /Applications/MAMP/htdocs/avene_sun/api/framework/web/CController.php(265): CController->runActionWithFilters(Object(CInlineAction), Array)
#18 /Applications/MAMP/htdocs/avene_sun/api/framework/web/CWebApplication.php(282): CController->run('list')
#19 /Applications/MAMP/htdocs/avene_sun/api/framework/web/CWebApplication.php(141): CWebApplication->runController('photo/list')
#20 /Applications/MAMP/htdocs/avene_sun/api/framework/base/CApplication.php(180): CWebApplication->processRequest()
#21 /Applications/MAMP/htdocs/avene_sun/api/index.php(20): CApplication->run()
#22 {main}
REQUEST_URI=/avene_sun/api/photo/list?page=1&pagenum=12&_=1398734180514
HTTP_REFERER=http://localhost:8888/avene_sun/wall.html
---
2014/04/29 03:20:58 [error] [exception.CDbException] exception 'CDbException' with message 'CDbConnection failed to open the DB connection: SQLSTATE[42000] [1049] Unknown database 'avene_sun'' in /Applications/MAMP/htdocs/avene_sun/api/framework/db/CDbConnection.php:382
Stack trace:
#0 /Applications/MAMP/htdocs/avene_sun/api/framework/db/CDbConnection.php(330): CDbConnection->open()
#1 /Applications/MAMP/htdocs/avene_sun/api/framework/db/CDbConnection.php(308): CDbConnection->setActive(true)
#2 /Applications/MAMP/htdocs/avene_sun/api/framework/base/CModule.php(387): CDbConnection->init()
#3 /Applications/MAMP/htdocs/avene_sun/api/framework/base/CApplication.php(450): CModule->getComponent('db')
#4 /Applications/MAMP/htdocs/avene_sun/api/framework/db/ar/CActiveRecord.php(634): CApplication->getDb()
#5 /Applications/MAMP/htdocs/avene_sun/api/framework/db/ar/CActiveRecord.php(2361): CActiveRecord->getDbConnection()
#6 /Applications/MAMP/htdocs/avene_sun/api/framework/db/ar/CActiveRecord.php(411): CActiveRecordMetaData->__construct(Object(Photo))
#7 /Applications/MAMP/htdocs/avene_sun/api/framework/db/ar/CActiveRecord.php(79): CActiveRecord->getMetaData()
#8 /Applications/MAMP/htdocs/avene_sun/api/protected/controllers/PhotoController.php(73): CActiveRecord->__construct()
#9 /Applications/MAMP/htdocs/avene_sun/api/framework/web/actions/CInlineAction.php(49): PhotoController->actionList()
#10 /Applications/MAMP/htdocs/avene_sun/api/framework/web/CController.php(308): CInlineAction->runWithParams(Array)
#11 /Applications/MAMP/htdocs/avene_sun/api/framework/web/filters/CFilterChain.php(133): CController->runAction(Object(CInlineAction))
#12 /Applications/MAMP/htdocs/avene_sun/api/framework/web/filters/CFilter.php(40): CFilterChain->run()
#13 /Applications/MAMP/htdocs/avene_sun/api/framework/web/CController.php(1145): CFilter->filter(Object(CFilterChain))
#14 /Applications/MAMP/htdocs/avene_sun/api/framework/web/filters/CInlineFilter.php(58): CController->filterAccessControl(Object(CFilterChain))
#15 /Applications/MAMP/htdocs/avene_sun/api/framework/web/filters/CFilterChain.php(130): CInlineFilter->filter(Object(CFilterChain))
#16 /Applications/MAMP/htdocs/avene_sun/api/framework/web/CController.php(291): CFilterChain->run()
#17 /Applications/MAMP/htdocs/avene_sun/api/framework/web/CController.php(265): CController->runActionWithFilters(Object(CInlineAction), Array)
#18 /Applications/MAMP/htdocs/avene_sun/api/framework/web/CWebApplication.php(282): CController->run('list')
#19 /Applications/MAMP/htdocs/avene_sun/api/framework/web/CWebApplication.php(141): CWebApplication->runController('photo/list')
#20 /Applications/MAMP/htdocs/avene_sun/api/framework/base/CApplication.php(180): CWebApplication->processRequest()
#21 /Applications/MAMP/htdocs/avene_sun/api/index.php(20): CApplication->run()
#22 {main}
REQUEST_URI=/avene_sun/api/photo/list?page=2&pagenum=12&_=1398734457448
HTTP_REFERER=http://localhost:8888/avene_sun/wall.html
---
2014/04/29 03:20:59 [error] [exception.CDbException] exception 'CDbException' with message 'CDbConnection failed to open the DB connection: SQLSTATE[42000] [1049] Unknown database 'avene_sun'' in /Applications/MAMP/htdocs/avene_sun/api/framework/db/CDbConnection.php:382
Stack trace:
#0 /Applications/MAMP/htdocs/avene_sun/api/framework/db/CDbConnection.php(330): CDbConnection->open()
#1 /Applications/MAMP/htdocs/avene_sun/api/framework/db/CDbConnection.php(308): CDbConnection->setActive(true)
#2 /Applications/MAMP/htdocs/avene_sun/api/framework/base/CModule.php(387): CDbConnection->init()
#3 /Applications/MAMP/htdocs/avene_sun/api/framework/base/CApplication.php(450): CModule->getComponent('db')
#4 /Applications/MAMP/htdocs/avene_sun/api/framework/db/ar/CActiveRecord.php(634): CApplication->getDb()
#5 /Applications/MAMP/htdocs/avene_sun/api/framework/db/ar/CActiveRecord.php(2361): CActiveRecord->getDbConnection()
#6 /Applications/MAMP/htdocs/avene_sun/api/framework/db/ar/CActiveRecord.php(411): CActiveRecordMetaData->__construct(Object(Photo))
#7 /Applications/MAMP/htdocs/avene_sun/api/framework/db/ar/CActiveRecord.php(79): CActiveRecord->getMetaData()
#8 /Applications/MAMP/htdocs/avene_sun/api/protected/controllers/PhotoController.php(73): CActiveRecord->__construct()
#9 /Applications/MAMP/htdocs/avene_sun/api/framework/web/actions/CInlineAction.php(49): PhotoController->actionList()
#10 /Applications/MAMP/htdocs/avene_sun/api/framework/web/CController.php(308): CInlineAction->runWithParams(Array)
#11 /Applications/MAMP/htdocs/avene_sun/api/framework/web/filters/CFilterChain.php(133): CController->runAction(Object(CInlineAction))
#12 /Applications/MAMP/htdocs/avene_sun/api/framework/web/filters/CFilter.php(40): CFilterChain->run()
#13 /Applications/MAMP/htdocs/avene_sun/api/framework/web/CController.php(1145): CFilter->filter(Object(CFilterChain))
#14 /Applications/MAMP/htdocs/avene_sun/api/framework/web/filters/CInlineFilter.php(58): CController->filterAccessControl(Object(CFilterChain))
#15 /Applications/MAMP/htdocs/avene_sun/api/framework/web/filters/CFilterChain.php(130): CInlineFilter->filter(Object(CFilterChain))
#16 /Applications/MAMP/htdocs/avene_sun/api/framework/web/CController.php(291): CFilterChain->run()
#17 /Applications/MAMP/htdocs/avene_sun/api/framework/web/CController.php(265): CController->runActionWithFilters(Object(CInlineAction), Array)
#18 /Applications/MAMP/htdocs/avene_sun/api/framework/web/CWebApplication.php(282): CController->run('list')
#19 /Applications/MAMP/htdocs/avene_sun/api/framework/web/CWebApplication.php(141): CWebApplication->runController('photo/list')
#20 /Applications/MAMP/htdocs/avene_sun/api/framework/base/CApplication.php(180): CWebApplication->processRequest()
#21 /Applications/MAMP/htdocs/avene_sun/api/index.php(20): CApplication->run()
#22 {main}
REQUEST_URI=/avene_sun/api/photo/list?page=3&pagenum=12&_=1398734459578
HTTP_REFERER=http://localhost:8888/avene_sun/wall.html
---
2014/04/29 03:21:00 [error] [exception.CDbException] exception 'CDbException' with message 'CDbConnection failed to open the DB connection: SQLSTATE[42000] [1049] Unknown database 'avene_sun'' in /Applications/MAMP/htdocs/avene_sun/api/framework/db/CDbConnection.php:382
Stack trace:
#0 /Applications/MAMP/htdocs/avene_sun/api/framework/db/CDbConnection.php(330): CDbConnection->open()
#1 /Applications/MAMP/htdocs/avene_sun/api/framework/db/CDbConnection.php(308): CDbConnection->setActive(true)
#2 /Applications/MAMP/htdocs/avene_sun/api/framework/base/CModule.php(387): CDbConnection->init()
#3 /Applications/MAMP/htdocs/avene_sun/api/framework/base/CApplication.php(450): CModule->getComponent('db')
#4 /Applications/MAMP/htdocs/avene_sun/api/framework/db/ar/CActiveRecord.php(634): CApplication->getDb()
#5 /Applications/MAMP/htdocs/avene_sun/api/framework/db/ar/CActiveRecord.php(2361): CActiveRecord->getDbConnection()
#6 /Applications/MAMP/htdocs/avene_sun/api/framework/db/ar/CActiveRecord.php(411): CActiveRecordMetaData->__construct(Object(Photo))
#7 /Applications/MAMP/htdocs/avene_sun/api/framework/db/ar/CActiveRecord.php(79): CActiveRecord->getMetaData()
#8 /Applications/MAMP/htdocs/avene_sun/api/protected/controllers/PhotoController.php(73): CActiveRecord->__construct()
#9 /Applications/MAMP/htdocs/avene_sun/api/framework/web/actions/CInlineAction.php(49): PhotoController->actionList()
#10 /Applications/MAMP/htdocs/avene_sun/api/framework/web/CController.php(308): CInlineAction->runWithParams(Array)
#11 /Applications/MAMP/htdocs/avene_sun/api/framework/web/filters/CFilterChain.php(133): CController->runAction(Object(CInlineAction))
#12 /Applications/MAMP/htdocs/avene_sun/api/framework/web/filters/CFilter.php(40): CFilterChain->run()
#13 /Applications/MAMP/htdocs/avene_sun/api/framework/web/CController.php(1145): CFilter->filter(Object(CFilterChain))
#14 /Applications/MAMP/htdocs/avene_sun/api/framework/web/filters/CInlineFilter.php(58): CController->filterAccessControl(Object(CFilterChain))
#15 /Applications/MAMP/htdocs/avene_sun/api/framework/web/filters/CFilterChain.php(130): CInlineFilter->filter(Object(CFilterChain))
#16 /Applications/MAMP/htdocs/avene_sun/api/framework/web/CController.php(291): CFilterChain->run()
#17 /Applications/MAMP/htdocs/avene_sun/api/framework/web/CController.php(265): CController->runActionWithFilters(Object(CInlineAction), Array)
#18 /Applications/MAMP/htdocs/avene_sun/api/framework/web/CWebApplication.php(282): CController->run('list')
#19 /Applications/MAMP/htdocs/avene_sun/api/framework/web/CWebApplication.php(141): CWebApplication->runController('photo/list')
#20 /Applications/MAMP/htdocs/avene_sun/api/framework/base/CApplication.php(180): CWebApplication->processRequest()
#21 /Applications/MAMP/htdocs/avene_sun/api/index.php(20): CApplication->run()
#22 {main}
REQUEST_URI=/avene_sun/api/photo/list?page=4&pagenum=12&_=1398734460161
HTTP_REFERER=http://localhost:8888/avene_sun/wall.html
---
2014/05/03 14:53:43 [error] [exception.CHttpException.404] exception 'CHttpException' with message 'The system is unable to find the requested action "{{photo.image | thumbnail}}".' in /Applications/MAMP/htdocs/avene_sun/api/framework/web/CController.php:483
Stack trace:
#0 /Applications/MAMP/htdocs/avene_sun/api/framework/web/CController.php(270): CController->missingAction('{{photo.image |...')
#1 /Applications/MAMP/htdocs/avene_sun/api/framework/web/CWebApplication.php(282): CController->run('{{photo.image |...')
#2 /Applications/MAMP/htdocs/avene_sun/api/framework/web/CWebApplication.php(141): CWebApplication->runController('admin/{{photo.i...')
#3 /Applications/MAMP/htdocs/avene_sun/api/framework/base/CApplication.php(180): CWebApplication->processRequest()
#4 /Applications/MAMP/htdocs/avene_sun/api/index.php(20): CApplication->run()
#5 {main}
REQUEST_URI=/avene_sun/api/index.php/admin/%7B%7Bphoto.image%20|%20thumbnail%7D%7D
HTTP_REFERER=http://localhost/avene_sun/api/index.php/admin/index
---
2014/05/06 09:40:35 [error] [exception.CHttpException.404] exception 'CHttpException' with message 'The system is unable to find the requested action "{{photo.image | thumbnail}}".' in /Applications/MAMP/htdocs/avene_sun/api/framework/web/CController.php:483
Stack trace:
#0 /Applications/MAMP/htdocs/avene_sun/api/framework/web/CController.php(270): CController->missingAction('{{photo.image |...')
#1 /Applications/MAMP/htdocs/avene_sun/api/framework/web/CWebApplication.php(282): CController->run('{{photo.image |...')
#2 /Applications/MAMP/htdocs/avene_sun/api/framework/web/CWebApplication.php(141): CWebApplication->runController('admin/{{photo.i...')
#3 /Applications/MAMP/htdocs/avene_sun/api/framework/base/CApplication.php(180): CWebApplication->processRequest()
#4 /Applications/MAMP/htdocs/avene_sun/api/index.php(20): CApplication->run()
#5 {main}
REQUEST_URI=/avene_sun/api/index.php/admin/%7B%7Bphoto.image%20|%20thumbnail%7D%7D
HTTP_REFERER=http://localhost/avene_sun/api/index.php/admin/index
---
2014/05/06 09:41:17 [error] [system.db.CDbCommand] CDbCommand::fetchAll() failed: SQLSTATE[HY093]: Invalid parameter number: number of bound variables does not match number of tokens. The SQL statement executed was: SELECT * FROM `Game` `t` WHERE (datetime > :start_date OR datetime = :start_date) AND (datetime < :end_date OR datetime = :end_date) ORDER BY datetime DESC LIMIT 10.
in /Applications/MAMP/htdocs/avene_sun/api/protected/controllers/GameController.php (65)
in /Applications/MAMP/htdocs/avene_sun/api/index.php (20)
2014/05/06 09:41:17 [error] [exception.CDbException] exception 'CDbException' with message 'CDbCommand failed to execute the SQL statement: SQLSTATE[HY093]: Invalid parameter number: number of bound variables does not match number of tokens. The SQL statement executed was: SELECT * FROM `Game` `t` WHERE (datetime > :start_date OR datetime = :start_date) AND (datetime < :end_date OR datetime = :end_date) ORDER BY datetime DESC LIMIT 10' in /Applications/MAMP/htdocs/avene_sun/api/framework/db/CDbCommand.php:543
Stack trace:
#0 /Applications/MAMP/htdocs/avene_sun/api/framework/db/CDbCommand.php(396): CDbCommand->queryInternal('fetchAll', Array, Array)
#1 /Applications/MAMP/htdocs/avene_sun/api/framework/db/ar/CActiveRecord.php(1351): CDbCommand->queryAll()
#2 /Applications/MAMP/htdocs/avene_sun/api/framework/db/ar/CActiveRecord.php(1470): CActiveRecord->query(Object(CDbCriteria), true)
#3 /Applications/MAMP/htdocs/avene_sun/api/protected/controllers/GameController.php(65): CActiveRecord->findAll(Object(CDbCriteria))
#4 /Applications/MAMP/htdocs/avene_sun/api/framework/web/actions/CInlineAction.php(49): GameController->actionList()
#5 /Applications/MAMP/htdocs/avene_sun/api/framework/web/CController.php(308): CInlineAction->runWithParams(Array)
#6 /Applications/MAMP/htdocs/avene_sun/api/framework/web/CController.php(286): CController->runAction(Object(CInlineAction))
#7 /Applications/MAMP/htdocs/avene_sun/api/framework/web/CController.php(265): CController->runActionWithFilters(Object(CInlineAction), Array)
#8 /Applications/MAMP/htdocs/avene_sun/api/framework/web/CWebApplication.php(282): CController->run('list')
#9 /Applications/MAMP/htdocs/avene_sun/api/framework/web/CWebApplication.php(141): CWebApplication->runController('game/list')
#10 /Applications/MAMP/htdocs/avene_sun/api/framework/base/CApplication.php(180): CWebApplication->processRequest()
#11 /Applications/MAMP/htdocs/avene_sun/api/index.php(20): CApplication->run()
#12 {main}
REQUEST_URI=/avene_sun/api/index.php/game/list?1399362077042&end_date=2014-05-02&start_date=2014-05-01
HTTP_REFERER=http://localhost/avene_sun/api/index.php/admin/index
---
2014/05/06 09:41:24 [error] [system.db.CDbCommand] CDbCommand::fetchAll() failed: SQLSTATE[HY093]: Invalid parameter number: number of bound variables does not match number of tokens. The SQL statement executed was: SELECT * FROM `Game` `t` WHERE (datetime > :start_date OR datetime = :start_date) AND (datetime < :end_date OR datetime = :end_date) ORDER BY datetime DESC LIMIT 10.
in /Applications/MAMP/htdocs/avene_sun/api/protected/controllers/GameController.php (65)
in /Applications/MAMP/htdocs/avene_sun/api/index.php (20)
2014/05/06 09:41:24 [error] [exception.CDbException] exception 'CDbException' with message 'CDbCommand failed to execute the SQL statement: SQLSTATE[HY093]: Invalid parameter number: number of bound variables does not match number of tokens. The SQL statement executed was: SELECT * FROM `Game` `t` WHERE (datetime > :start_date OR datetime = :start_date) AND (datetime < :end_date OR datetime = :end_date) ORDER BY datetime DESC LIMIT 10' in /Applications/MAMP/htdocs/avene_sun/api/framework/db/CDbCommand.php:543
Stack trace:
#0 /Applications/MAMP/htdocs/avene_sun/api/framework/db/CDbCommand.php(396): CDbCommand->queryInternal('fetchAll', Array, Array)
#1 /Applications/MAMP/htdocs/avene_sun/api/framework/db/ar/CActiveRecord.php(1351): CDbCommand->queryAll()
#2 /Applications/MAMP/htdocs/avene_sun/api/framework/db/ar/CActiveRecord.php(1470): CActiveRecord->query(Object(CDbCriteria), true)
#3 /Applications/MAMP/htdocs/avene_sun/api/protected/controllers/GameController.php(65): CActiveRecord->findAll(Object(CDbCriteria))
#4 /Applications/MAMP/htdocs/avene_sun/api/framework/web/actions/CInlineAction.php(49): GameController->actionList()
#5 /Applications/MAMP/htdocs/avene_sun/api/framework/web/CController.php(308): CInlineAction->runWithParams(Array)
#6 /Applications/MAMP/htdocs/avene_sun/api/framework/web/CController.php(286): CController->runAction(Object(CInlineAction))
#7 /Applications/MAMP/htdocs/avene_sun/api/framework/web/CController.php(265): CController->runActionWithFilters(Object(CInlineAction), Array)
#8 /Applications/MAMP/htdocs/avene_sun/api/framework/web/CWebApplication.php(282): CController->run('list')
#9 /Applications/MAMP/htdocs/avene_sun/api/framework/web/CWebApplication.php(141): CWebApplication->runController('game/list')
#10 /Applications/MAMP/htdocs/avene_sun/api/framework/base/CApplication.php(180): CWebApplication->processRequest()
#11 /Applications/MAMP/htdocs/avene_sun/api/index.php(20): CApplication->run()
#12 {main}
REQUEST_URI=/avene_sun/api/index.php/game/list?1399362084254&end_date=2014-05-04&start_date=2014-05-03
HTTP_REFERER=http://localhost/avene_sun/api/index.php/admin/index
---
